  main.cpp
c:\users\kamil\documents\rpa-optimization\rpa\Sequence.h(69): warning C4018: '<': signed/unsigned mismatch
c:\users\kamil\documents\rpa-optimization\rpa\Sequence.h(83): warning C4018: '<': signed/unsigned mismatch
c:\users\kamil\documents\rpa-optimization\rpa\Sequence.h(111): warning C4018: '<': signed/unsigned mismatch
c:\users\kamil\documents\rpa-optimization\rpa\Array_Sequences.h(40): warning C4018: '<': signed/unsigned mismatch
c:\users\kamil\documents\rpa-optimization\rpa\Array_Sequences.h(150): warning C4018: '<': signed/unsigned mismatch
c:\users\kamil\documents\rpa-optimization\rpa\Array_Sequences.h(158): warning C4018: '<': signed/unsigned mismatch
c:\users\kamil\documents\rpa-optimization\rpa\Primer_Set.h(82): warning C4018: '<': signed/unsigned mismatch
c:\users\kamil\documents\rpa-optimization\rpa\Primer_Set.h(117): warning C4018: '<': signed/unsigned mismatch
c:\users\kamil\documents\rpa-optimization\rpa\Primer_Set.h(141): warning C4018: '<': signed/unsigned mismatch
c:\users\kamil\documents\rpa-optimization\rpa\Primer_Set.h(165): warning C4018: '<': signed/unsigned mismatch
c:\users\kamil\documents\rpa-optimization\rpa\Primer_Set.h(173): warning C4018: '<': signed/unsigned mismatch
c:\users\kamil\documents\rpa-optimization\rpa\Primer_Set.h(243): warning C4018: '<': signed/unsigned mismatch
c:\users\kamil\documents\rpa-optimization\rpa\Primer_Set.h(251): warning C4018: '<': signed/unsigned mismatch
c:\users\kamil\documents\rpa-optimization\rpa\Primer_Set.h(264): warning C4018: '<': signed/unsigned mismatch
c:\users\kamil\documents\rpa-optimization\rpa\Primer_Set.h(292): warning C4018: '<': signed/unsigned mismatch
c:\users\kamil\documents\rpa-optimization\rpa\Primer_Set.h(310): warning C4018: '<': signed/unsigned mismatch
c:\users\kamil\documents\rpa-optimization\rpa\Primer_Set.h(313): warning C4018: '<': signed/unsigned mismatch
c:\users\kamil\documents\rpa-optimization\rpa\PCR_Profile.h(97): warning C4018: '<': signed/unsigned mismatch
c:\users\kamil\documents\rpa-optimization\rpa\PCR_Profile.h(102): warning C4018: '<': signed/unsigned mismatch
c:\users\kamil\documents\rpa-optimization\rpa\PCR_Profile.h(107): warning C4018: '<': signed/unsigned mismatch
c:\users\kamil\documents\rpa-optimization\rpa\PCR_Profile.h(113): warning C4018: '<': signed/unsigned mismatch
c:\users\kamil\documents\rpa-optimization\rpa\PCR_Profile.h(147): warning C4018: '<': signed/unsigned mismatch
c:\users\kamil\documents\rpa-optimization\rpa\PCR_Profile.h(153): warning C4018: '<': signed/unsigned mismatch
c:\users\kamil\documents\rpa-optimization\rpa\PCR_Profile.h(176): warning C4018: '<': signed/unsigned mismatch
c:\users\kamil\documents\rpa-optimization\rpa\PCR_Profile.h(204): warning C4018: '<': signed/unsigned mismatch
c:\users\kamil\documents\rpa-optimization\rpa\PCR_Profile.h(231): warning C4018: '<': signed/unsigned mismatch
c:\users\kamil\documents\rpa-optimization\rpa\PCR_Profile.h(241): warning C4018: '<': signed/unsigned mismatch
c:\users\kamil\documents\rpa-optimization\rpa\PCR_Profile.h(246): warning C4018: '<': signed/unsigned mismatch
c:\users\kamil\documents\rpa-optimization\rpa\PCR_Profile.h(253): warning C4018: '<': signed/unsigned mismatch
c:\users\kamil\documents\rpa-optimization\rpa\PCR_Profile.h(290): warning C4018: '<': signed/unsigned mismatch
c:\users\kamil\documents\rpa-optimization\rpa\PCR_Profile.h(295): warning C4018: '<': signed/unsigned mismatch
c:\users\kamil\documents\rpa-optimization\rpa\PCR_Profile.h(307): warning C4018: '<': signed/unsigned mismatch
main.cpp(16): warning C4244: 'argument': conversion from 'time_t' to 'unsigned int', possible loss of data
main.cpp(35): warning C4018: '<': signed/unsigned mismatch
main.cpp(49): warning C4018: '<': signed/unsigned mismatch
main.cpp(63): warning C4244: 'argument': conversion from 'time_t' to 'unsigned int', possible loss of data
main.cpp(89): warning C4018: '<': signed/unsigned mismatch
main.cpp(115): warning C4018: '<': signed/unsigned mismatch
main.cpp(140): warning C4018: '<': signed/unsigned mismatch
  Generating code
  6 of 216 functions ( 2.8%) were compiled, the rest were copied from previous compilation.
    2 functions were new in current compilation
    22 functions had inline decision re-evaluated but remain unchanged
  Finished generating code
  RPA.vcxproj -> C:\Users\Kamil\Documents\RPA-Optimization\x64\Release\RPA.exe
  RPA.vcxproj -> C:\Users\Kamil\Documents\RPA-Optimization\x64\Release\RPA.pdb (Full PDB)
